#
# A fatal error has been detected by the Java Runtime Environment:
#
#  SIGSEGV (0xb) at pc=0x00000001125a1381, pid=71426, tid=775
#
# JRE version: Java(TM) SE Runtime Environment (8.0_31-b13) (build 1.8.0_31-b13)
# Java VM: Java HotSpot(TM) 64-Bit Server VM (25.31-b07 mixed mode bsd-amd64 compressed oops)
# Problematic frame:
# C  [libglass.dylib+0x16381]  GlassScreenDidChangeScreenParameters+0x21
#
# Failed to write core dump. Core dumps have been disabled. To enable core dumping, try "ulimit -c unlimited" before starting Java again
#
# If you would like to submit a bug report, please visit:
#   http://bugreport.java.com/bugreport/crash.jsp
#

---------------  T H R E A D  ---------------

Current thread is native thread

siginfo: si_signo: 11 (SIGSEGV), si_code: 1 (SEGV_MAPERR), si_addr: 0x0000000000000000

Registers:
RAX=0x00000001125d3d48, RBX=0x0000000000000000, RCX=0xed2c5f9005e2000e, RDX=0x0000000000000000
RSP=0x00007ffee5fc8510, RBP=0x00007ffee5fc8520, RSI=0x00007fc7f3401390, RDI=0x0000000000000000
R8 =0x00000000000130a8, R9 =0x0000000000000000, R10=0x00007fff9815b048, R11=0x00007fff9815b040
R12=0x0000000000000000, R13=0x00007fc7f3452ff0, R14=0x00007fc7f3453030, R15=0x0000000000000000
RIP=0x00000001125a1381, EFLAGS=0x0000000000010246, ERR=0x0000000000000004
  TRAPNO=0x000000000000000e

Top of Stack: (sp=0x00007ffee5fc8510)
0x00007ffee5fc8510:   00007ffee5fc8560 00007fc7f3453030
0x00007ffee5fc8520:   00007ffee5fc8530 00007fff38387442
0x00007ffee5fc8530:   00007ffee5fc8550 00007fff383873bc
0x00007ffee5fc8540:   0000000000000000 0000000000000000
0x00007ffee5fc8550:   00007ffee5fc85c0 00007fff383872dd
0x00007ffee5fc8560:   00007fff98156070 00000000c2000000
0x00007ffee5fc8570:   00007fff3838737d 00007fff90b72c78
0x00007ffee5fc8580:   00007fc7f3452ff0 00007fc7f4976c00
0x00007ffee5fc8590:   0000000000000000 00007ffee5fc85d7
0x00007ffee5fc85a0:   00007fc7f3452ff0 00007fff64528580
0x00007ffee5fc85b0:   00007ffee5fc8d00 0000000000000000
0x00007ffee5fc85c0:   00007ffee5fc8600 00007fff3838f611
0x00007ffee5fc85d0:   00007ffee5fc8bc0 0000000000000000
0x00007ffee5fc85e0:   0000000000000000 00007fff64528580
0x00007ffee5fc85f0:   00007ffee5fc8d00 00007fff36451cfe
0x00007ffee5fc8600:   00007ffee5fc8cf0 00007fff382f7464
0x00007ffee5fc8610:   00007fc7f5001050 0000000000000008
0x00007ffee5fc8620:   00007ffee5fc8bc0 0000000000000001
0x00007ffee5fc8630:   0000000000000100 0000000000000100
0x00007ffee5fc8640:   00007ffee5fc8ac0 0000000000000000
0x00007ffee5fc8650:   0000000000000100 00007fff657afb00
0x00007ffee5fc8660:   0000000000000000 0000000000000000
0x00007ffee5fc8670:   00007fc7f3453060 0000000000000000
0x00007ffee5fc8680:   0000000109c4f080 00007fff90b74d40
0x00007ffee5fc8690:   00007fff90bb36b8 00007fc7f3432c10
0x00007ffee5fc86a0:   00007fff90b6cc30 0000000000000000
0x00007ffee5fc86b0:   00007fff90b6cc01 00007fc7f3705330
0x00007ffee5fc86c0:   00007ffee5fc8750 00007fff657afb54
0x00007ffee5fc86d0:   00007ffee5fc8760 00007fc7f34fc080
0x00007ffee5fc86e0:   00007fc700000002 0000000000000005
0x00007ffee5fc86f0:   0000000109c4f080 00007fc7f347ad60
0x00007ffee5fc8700:   00000001f49887b0 00007fc7f3400000 

Instructions: (pc=0x00000001125a1381)
0x00000001125a1361:   48 89 e5 41 56 53 48 8d 05 d2 2a 03 00 48 83 38
0x00000001125a1371:   00 48 89 fb 75 72 48 8d 05 ca 29 03 00 48 8b 30
0x00000001125a1381:   48 8b 03 48 8d 15 7c 99 01 00 48 8d 0d 5e 6f 01
0x00000001125a1391:   00 48 89 df ff 90 88 03 00 00 48 8d 0d 9e 2a 03 

Register to memory mapping:

RAX=0x00000001125d3d48: jScreenClass+0 in /Library/Java/JavaVirtualMachines/jdk1.8.0_31.jdk/Contents/Home/jre/lib/libglass.dylib at 0x000000011258b000
RBX=0x0000000000000000 is an unknown value
RCX=0xed2c5f9005e2000e is an unknown value
RDX=0x0000000000000000 is an unknown value
RSP=0x00007ffee5fc8510 is an unknown value
RBP=0x00007ffee5fc8520 is an unknown value
RSI=0x00007fc7f3401390 is a global jni handle
RDI=0x0000000000000000 is an unknown value
R8 =0x00000000000130a8 is an unknown value
R9 =0x0000000000000000 is an unknown value
R10=0x00007fff9815b048: __sFX+0x1c8 in /usr/lib/system/libsystem_c.dylib at 0x00007fff6564a000
R11=0x00007fff9815b040: __sFX+0x1c0 in /usr/lib/system/libsystem_c.dylib at 0x00007fff6564a000
R12=0x0000000000000000 is an unknown value
R13=0x00007fc7f3452ff0 is an unknown value
R14=0x00007fc7f3453030 is an unknown value
R15=0x0000000000000000 is an unknown value


Stack: [0x00007ffee57cd000,0x00007ffee5fcd000],  sp=0x00007ffee5fc8510,  free space=8173k
Native frames: (J=compiled Java code, j=interpreted, Vv=VM code, C=native code)
C  [libglass.dylib+0x16381]  GlassScreenDidChangeScreenParameters+0x21
C  [CoreFoundation+0x9f442]  __CFNOTIFICATIONCENTER_IS_CALLING_OUT_TO_AN_OBSERVER__+0xc
C  [CoreFoundation+0x9f3bc]  ___CFXRegistrationPost_block_invoke+0x3f
C  [CoreFoundation+0x9f2dd]  _CFXRegistrationPost+0x18e
C  [CoreFoundation+0xa7611]  ___CFXNotificationPost_block_invoke+0x57
C  [CoreFoundation+0xf464]  -[_CFXNotificationRegistrar find:object:observer:enumerator:]+0x70c
C  [CoreFoundation+0xe709]  _CFXNotificationPost+0x356
C  [Foundation+0x11a7b]  -[NSNotificationCenter postNotificationName:object:userInfo:]+0x42
C  [AppKit+0xb9752b]  -[NSApplication(ScreenHandling) _reactToScreenInvalidationImmediately:]+0x162
C  [AppKit+0xb97bed]  ___NSMainRunLoopPerformBlockInModes_block_invoke+0x19
C  [CoreFoundation+0x78b4c]  __CFRUNLOOP_IS_CALLING_OUT_TO_A_BLOCK__+0xc
C  [CoreFoundation+0x3bec8]  __CFRunLoopDoBlocks+0x189
C  [CoreFoundation+0x3bc26]  __CFRunLoopRun+0xb1d
C  [CoreFoundation+0x3aeb6]  CFRunLoopRunSpecific+0x1d3
C  [java+0x56cc]  CreateExecutionEnvironment+0x367
C  [java+0x165c]  JLI_Launch+0x7a0
C  [java+0x768a]  main+0x65
C  [java+0xeb4]  start+0x34


---------------  P R O C E S S  ---------------

VM state:not at safepoint (normal execution)

VM Mutex/Monitor currently owned by a thread: None

Heap:
 PSYoungGen      total 76288K, used 22565K [0x000000076ab00000, 0x0000000770000000, 0x00000007c0000000)
  eden space 65536K, 34% used [0x000000076ab00000,0x000000076c1097c0,0x000000076eb00000)
  from space 10752K, 0% used [0x000000076f580000,0x000000076f580000,0x0000000770000000)
  to   space 10752K, 0% used [0x000000076eb00000,0x000000076eb00000,0x000000076f580000)
 ParOldGen       total 175104K, used 0K [0x00000006c0000000, 0x00000006cab00000, 0x000000076ab00000)
  object space 175104K, 0% used [0x00000006c0000000,0x00000006c0000000,0x00000006cab00000)
 Metaspace       used 7889K, capacity 8202K, committed 8576K, reserved 1056768K
  class space    used 934K, capacity 1033K, committed 1152K, reserved 1048576K

Card table byte_map: [0x000000010c0df000,0x000000010c8e0000] byte_map_base: 0x0000000108adf000

Marking Bits: (ParMarkBitMap*) 0x000000010b69e410
 Begin Bits: [0x00000001218e0000, 0x00000001258e0000)
 End Bits:   [0x00000001258e0000, 0x00000001298e0000)

Polling page: 0x0000000109ca3000

CodeCache: size=245760Kb used=2349Kb max_used=2357Kb free=243411Kb
 bounds [0x00000001128e0000, 0x0000000112b50000, 0x00000001218e0000]
 total_blobs=929 nmethods=539 adapters=305
 compilation: enabled

Compilation events (10 events):
Event: 0.769 Thread 0x00007fc7f5823800  535       3       java.nio.ByteBuffer::arrayOffset (35 bytes)
Event: 0.770 Thread 0x00007fc7f5823800 nmethod 535 0x0000000112b27790 code [0x0000000112b27920, 0x0000000112b27c18]
Event: 0.770 Thread 0x00007fc7f5823800  536       3       java.nio.Buffer::position (43 bytes)
Event: 0.770 Thread 0x00007fc7f5823800 nmethod 536 0x0000000112b272d0 code [0x0000000112b27440, 0x0000000112b276e8]
Event: 0.770 Thread 0x00007fc7f5823800  537       3       java.nio.CharBuffer::arrayOffset (35 bytes)
Event: 0.770 Thread 0x00007fc7f5823800 nmethod 537 0x0000000112b26d10 code [0x0000000112b26ea0, 0x0000000112b27198]
Event: 0.771 Thread 0x00007fc7f5823000  538       4       java.lang.String::getChars (62 bytes)
Event: 0.771 Thread 0x00007fc7f5823800  539       3       java.nio.ByteBuffer::array (35 bytes)
Event: 0.771 Thread 0x00007fc7f5823800 nmethod 539 0x0000000112b26750 code [0x0000000112b268e0, 0x0000000112b26bd8]
Event: 0.772 Thread 0x00007fc7f5823000 nmethod 538 0x0000000112b2d790 code [0x0000000112b2d8e0, 0x0000000112b2da18]

GC Heap History (0 events):
No events

Deoptimization events (0 events):
No events

Internal exceptions (10 events):
Event: 0.686 Thread 0x00007fc7f703c000 Exception <a 'java/security/PrivilegedActionException'> (0x000000076bfef860) thrown at [/Users/java_re/workspace/8-2-build-macosx-x86_64/jdk8u31/2394/hotspot/src/share/vm/prims/jvm.cpp, line 1312]
Event: 0.687 Thread 0x00007fc7f703c000 Exception <a 'java/security/PrivilegedActionException'> (0x000000076c00c550) thrown at [/Users/java_re/workspace/8-2-build-macosx-x86_64/jdk8u31/2394/hotspot/src/share/vm/prims/jvm.cpp, line 1312]
Event: 0.689 Thread 0x00007fc7f703c000 Exception <a 'java/security/PrivilegedActionException'> (0x000000076c02adc0) thrown at [/Users/java_re/workspace/8-2-build-macosx-x86_64/jdk8u31/2394/hotspot/src/share/vm/prims/jvm.cpp, line 1312]
Event: 0.689 Thread 0x00007fc7f703c000 Exception <a 'java/security/PrivilegedActionException'> (0x000000076c0482e8) thrown at [/Users/java_re/workspace/8-2-build-macosx-x86_64/jdk8u31/2394/hotspot/src/share/vm/prims/jvm.cpp, line 1312]
Event: 0.690 Thread 0x00007fc7f703c000 Exception <a 'java/security/PrivilegedActionException'> (0x000000076c067710) thrown at [/Users/java_re/workspace/8-2-build-macosx-x86_64/jdk8u31/2394/hotspot/src/share/vm/prims/jvm.cpp, line 1312]
Event: 0.690 Thread 0x00007fc7f703c000 Exception <a 'java/security/PrivilegedActionException'> (0x000000076c067e70) thrown at [/Users/java_re/workspace/8-2-build-macosx-x86_64/jdk8u31/2394/hotspot/src/share/vm/prims/jvm.cpp, line 1312]
Event: 0.691 Thread 0x00007fc7f703c000 Exception <a 'java/security/PrivilegedActionException'> (0x000000076c069f20) thrown at [/Users/java_re/workspace/8-2-build-macosx-x86_64/jdk8u31/2394/hotspot/src/share/vm/prims/jvm.cpp, line 1312]
Event: 0.696 Thread 0x00007fc7f703c000 Exception <a 'java/security/PrivilegedActionException'> (0x000000076c0c1220) thrown at [/Users/java_re/workspace/8-2-build-macosx-x86_64/jdk8u31/2394/hotspot/src/share/vm/prims/jvm.cpp, line 1312]
Event: 0.696 Thread 0x00007fc7f703c000 Exception <a 'java/security/PrivilegedActionException'> (0x000000076c0c3558) thrown at [/Users/java_re/workspace/8-2-build-macosx-x86_64/jdk8u31/2394/hotspot/src/share/vm/prims/jvm.cpp, line 1312]
Event: 0.768 Thread 0x00007fc7f5803000 Exception <a 'java/lang/reflect/InvocationTargetException'> (0x000000076b5d0cb8) thrown at [/Users/java_re/workspace/8-2-build-macosx-x86_64/jdk8u31/2394/hotspot/src/share/vm/runtime/reflection.cpp, line 1080]

Events (10 events):
Event: 0.773 loading class java/util/regex/MatchResult
Event: 0.773 loading class java/util/regex/MatchResult done
Event: 0.773 loading class java/util/regex/Matcher done
Event: 0.773 loading class java/util/regex/ASCII
Event: 0.773 loading class java/util/regex/ASCII done
Event: 0.773 loading class java/util/Formatter$FixedString
Event: 0.773 loading class java/util/Formatter$FormatString
Event: 0.773 loading class java/util/Formatter$FormatString done
Event: 0.773 loading class java/util/Formatter$FixedString done
Event: 0.773 loading class java/util/Formatter$FormatSpecifier


Dynamic libraries:
0x000000000deb4000 	/System/Library/Frameworks/Cocoa.framework/Versions/A/Cocoa
0x000000000deb4000 	/System/Library/Frameworks/Security.framework/Versions/A/Security
0x000000000deb4000 	/System/Library/Frameworks/ApplicationServices.framework/Versions/A/ApplicationServices
0x000000000deb4000 	/usr/lib/libz.1.dylib
0x000000000deb4000 	/usr/lib/libSystem.B.dylib
0x000000000deb4000 	/usr/lib/libobjc.A.dylib
0x000000000deb4000 	/System/Library/Frameworks/CoreFoundation.framework/Versions/A/CoreFoundation
0x000000000deb4000 	/System/Library/Frameworks/Foundation.framework/Versions/C/Foundation
0x000000000deb4000 	/System/Library/Frameworks/AppKit.framework/Versions/C/AppKit
0x000000000deb4000 	/System/Library/Frameworks/CoreData.framework/Versions/A/CoreData
0x000000000deb4000 	/System/Library/PrivateFrameworks/RemoteViewServices.framework/Versions/A/RemoteViewServices
0x000000000deb4000 	/System/Library/PrivateFrameworks/UIFoundation.framework/Versions/A/UIFoundation
0x000000000deb4000 	/System/Library/PrivateFrameworks/XCTTargetBootstrap.framework/Versions/A/XCTTargetBootstrap
0x000000000deb4000 	/System/Library/PrivateFrameworks/IconServices.framework/Versions/A/IconServices
0x000000000deb4000 	/System/Library/Frameworks/Metal.framework/Versions/A/Metal
0x000000000deb4000 	/System/Library/PrivateFrameworks/DesktopServicesPriv.framework/Versions/A/DesktopServicesPriv
0x000000000deb4000 	/usr/lib/libenergytrace.dylib
0x000000000deb4000 	/System/Library/PrivateFrameworks/SkyLight.framework/Versions/A/SkyLight
0x000000000deb4000 	/System/Library/Frameworks/CoreGraphics.framework/Versions/A/CoreGraphics
0x000000000deb4000 	/System/Library/Frameworks/Accelerate.framework/Versions/A/Accelerate
0x000000000deb4000 	/System/Library/Frameworks/IOSurface.framework/Versions/A/IOSurface
0x000000000deb4000 	/System/Library/PrivateFrameworks/DFRFoundation.framework/Versions/A/DFRFoundation
0x000000000deb4000 	/System/Library/Frameworks/AudioToolbox.framework/Versions/A/AudioToolbox
0x000000000deb4000 	/System/Library/Frameworks/AudioUnit.framework/Versions/A/AudioUnit
0x000000000deb4000 	/System/Library/PrivateFrameworks/DataDetectorsCore.framework/Versions/A/DataDetectorsCore
0x000000000deb4000 	/System/Library/Frameworks/Carbon.framework/Versions/A/Frameworks/HIToolbox.framework/Versions/A/HIToolbox
0x000000000deb4000 	/usr/lib/libicucore.A.dylib
0x000000000deb4000 	/System/Library/Frameworks/QuartzCore.framework/Versions/A/QuartzCore
0x000000000deb4000 	/System/Library/Frameworks/Carbon.framework/Versions/A/Frameworks/SpeechRecognition.framework/Versions/A/SpeechRecognition
0x000000000deb4000 	/usr/lib/libauto.dylib
0x000000000deb4000 	/usr/lib/libxml2.2.dylib
0x000000000deb4000 	/System/Library/PrivateFrameworks/CoreUI.framework/Versions/A/CoreUI
0x000000000deb4000 	/System/Library/Frameworks/CoreAudio.framework/Versions/A/CoreAudio
0x000000000deb4000 	/System/Library/Frameworks/DiskArbitration.framework/Versions/A/DiskArbitration
0x000000000deb4000 	/usr/lib/liblangid.dylib
0x000000000deb4000 	/System/Library/PrivateFrameworks/MultitouchSupport.framework/Versions/A/MultitouchSupport
0x000000000deb4000 	/System/Library/Frameworks/IOKit.framework/Versions/A/IOKit
0x000000000deb4000 	/usr/lib/libDiagnosticMessagesClient.dylib
0x000000000deb4000 	/System/Library/Frameworks/CoreServices.framework/Versions/A/CoreServices
0x000000000deb4000 	/System/Library/PrivateFrameworks/PerformanceAnalysis.framework/Versions/A/PerformanceAnalysis
0x000000000deb4000 	/System/Library/Frameworks/OpenGL.framework/Versions/A/OpenGL
0x000000000deb4000 	/System/Library/Frameworks/ColorSync.framework/Versions/A/ColorSync
0x000000000deb4000 	/System/Library/Frameworks/CoreImage.framework/Versions/A/CoreImage
0x000000000deb4000 	/System/Library/Frameworks/CoreText.framework/Versions/A/CoreText
0x000000000deb4000 	/System/Library/Frameworks/ImageIO.framework/Versions/A/ImageIO
0x000000000deb4000 	/System/Library/PrivateFrameworks/Backup.framework/Versions/A/Backup
0x000000000deb4000 	/usr/lib/libarchive.2.dylib
0x000000000deb4000 	/System/Library/Frameworks/CFNetwork.framework/Versions/A/CFNetwork
0x000000000deb4000 	/System/Library/Frameworks/SystemConfiguration.framework/Versions/A/SystemConfiguration
0x000000000deb4000 	/usr/lib/libCRFSuite.dylib
0x000000000deb4000 	/usr/lib/libc++.1.dylib
0x000000000deb4000 	/usr/lib/libc++abi.dylib
0x000000000deb4000 	/usr/lib/system/libcache.dylib
0x000000000deb4000 	/usr/lib/system/libcommonCrypto.dylib
0x000000000deb4000 	/usr/lib/system/libcompiler_rt.dylib
0x000000000deb4000 	/usr/lib/system/libcopyfile.dylib
0x000000000deb4000 	/usr/lib/system/libcorecrypto.dylib
0x000000000deb4000 	/usr/lib/system/libdispatch.dylib
0x000000000deb4000 	/usr/lib/system/libdyld.dylib
0x000000000deb4000 	/usr/lib/system/libkeymgr.dylib
0x000000000deb4000 	/usr/lib/system/liblaunch.dylib
0x000000000deb4000 	/usr/lib/system/libmacho.dylib
0x000000000deb4000 	/usr/lib/system/libquarantine.dylib
0x000000000deb4000 	/usr/lib/system/libremovefile.dylib
0x000000000deb4000 	/usr/lib/system/libsystem_asl.dylib
0x000000000deb4000 	/usr/lib/system/libsystem_blocks.dylib
0x000000000deb4000 	/usr/lib/system/libsystem_c.dylib
0x000000000deb4000 	/usr/lib/system/libsystem_configuration.dylib
0x000000000deb4000 	/usr/lib/system/libsystem_coreservices.dylib
0x000000000deb4000 	/usr/lib/system/libsystem_darwin.dylib
0x000000000deb4000 	/usr/lib/system/libsystem_dnssd.dylib
0x000000000deb4000 	/usr/lib/system/libsystem_info.dylib
0x000000000deb4000 	/usr/lib/system/libsystem_m.dylib
0x000000000deb4000 	/usr/lib/system/libsystem_malloc.dylib
0x000000000deb4000 	/usr/lib/system/libsystem_networkextension.dylib
0x000000000deb4000 	/usr/lib/system/libsystem_notify.dylib
0x000000000deb4000 	/usr/lib/system/libsystem_sandbox.dylib
0x000000000deb4000 	/usr/lib/system/libsystem_secinit.dylib
0x000000000deb4000 	/usr/lib/system/libsystem_kernel.dylib
0x000000000deb4000 	/usr/lib/system/libsystem_platform.dylib
0x000000000deb4000 	/usr/lib/system/libsystem_pthread.dylib
0x000000000deb4000 	/usr/lib/system/libsystem_symptoms.dylib
0x000000000deb4000 	/usr/lib/system/libsystem_trace.dylib
0x000000000deb4000 	/usr/lib/system/libunwind.dylib
0x000000000deb4000 	/usr/lib/system/libxpc.dylib
0x000000000deb4000 	/usr/lib/libbsm.0.dylib
0x000000000deb4000 	/usr/lib/system/libkxld.dylib
0x000000000deb4000 	/System/Library/PrivateFrameworks/AppleFSCompression.framework/Versions/A/AppleFSCompression
0x000000000deb4000 	/usr/lib/libOpenScriptingUtil.dylib
0x000000000deb4000 	/usr/lib/libcoretls.dylib
0x000000000deb4000 	/usr/lib/libcoretls_cfhelpers.dylib
0x000000000deb4000 	/usr/lib/libpam.2.dylib
0x000000000deb4000 	/usr/lib/libsqlite3.dylib
0x000000000deb4000 	/usr/lib/libxar.1.dylib
0x000000000deb4000 	/usr/lib/libbz2.1.0.dylib
0x000000000deb4000 	/usr/lib/liblzma.5.dylib
0x000000000deb4000 	/usr/lib/libnetwork.dylib
0x000000000deb4000 	/usr/lib/libapple_nghttp2.dylib
0x000000000deb4000 	/usr/lib/libpcap.A.dylib
0x000000000deb4000 	/System/Library/Frameworks/CoreServices.framework/Versions/A/Frameworks/FSEvents.framework/Versions/A/FSEvents
0x000000000deb4000 	/System/Library/Frameworks/CoreServices.framework/Versions/A/Frameworks/CarbonCore.framework/Versions/A/CarbonCore
0x000000000deb4000 	/System/Library/Frameworks/CoreServices.framework/Versions/A/Frameworks/Metadata.framework/Versions/A/Metadata
0x000000000deb4000 	/System/Library/Frameworks/CoreServices.framework/Versions/A/Frameworks/OSServices.framework/Versions/A/OSServices
0x000000000deb4000 	/System/Library/Frameworks/CoreServices.framework/Versions/A/Frameworks/SearchKit.framework/Versions/A/SearchKit
0x000000000deb4000 	/System/Library/Frameworks/CoreServices.framework/Versions/A/Frameworks/AE.framework/Versions/A/AE
0x000000000deb4000 	/System/Library/Frameworks/CoreServices.framework/Versions/A/Frameworks/LaunchServices.framework/Versions/A/LaunchServices
0x000000000deb4000 	/System/Library/Frameworks/CoreServices.framework/Versions/A/Frameworks/DictionaryServices.framework/Versions/A/DictionaryServices
0x000000000deb4000 	/System/Library/Frameworks/CoreServices.framework/Versions/A/Frameworks/SharedFileList.framework/Versions/A/SharedFileList
0x000000000deb4000 	/System/Library/Frameworks/NetFS.framework/Versions/A/NetFS
0x000000000deb4000 	/System/Library/PrivateFrameworks/NetAuth.framework/Versions/A/NetAuth
0x000000000deb4000 	/System/Library/PrivateFrameworks/login.framework/Versions/A/Frameworks/loginsupport.framework/Versions/A/loginsupport
0x000000000deb4000 	/System/Library/PrivateFrameworks/TCC.framework/Versions/A/TCC
0x000000000deb4000 	/System/Library/PrivateFrameworks/CoreNLP.framework/Versions/A/CoreNLP
0x000000000deb4000 	/System/Library/PrivateFrameworks/MetadataUtilities.framework/Versions/A/MetadataUtilities
0x000000000deb4000 	/usr/lib/libmecabra.dylib
0x000000000deb4000 	/System/Library/Frameworks/ApplicationServices.framework/Versions/A/Frameworks/ATS.framework/Versions/A/ATS
0x000000000deb4000 	/System/Library/Frameworks/ApplicationServices.framework/Versions/A/Frameworks/ColorSyncLegacy.framework/Versions/A/ColorSyncLegacy
0x000000000deb4000 	/System/Library/Frameworks/ApplicationServices.framework/Versions/A/Frameworks/HIServices.framework/Versions/A/HIServices
0x000000000deb4000 	/System/Library/Frameworks/ApplicationServices.framework/Versions/A/Frameworks/LangAnalysis.framework/Versions/A/LangAnalysis
0x000000000deb4000 	/System/Library/Frameworks/ApplicationServices.framework/Versions/A/Frameworks/PrintCore.framework/Versions/A/PrintCore
0x000000000deb4000 	/System/Library/Frameworks/ApplicationServices.framework/Versions/A/Frameworks/QD.framework/Versions/A/QD
0x000000000deb4000 	/System/Library/Frameworks/ApplicationServices.framework/Versions/A/Frameworks/SpeechSynthesis.framework/Versions/A/SpeechSynthesis
0x000000000deb4000 	/usr/lib/libcompression.dylib
0x000000000deb4000 	/System/Library/Frameworks/CoreDisplay.framework/Versions/A/CoreDisplay
0x000000000deb4000 	/System/Library/Frameworks/MetalPerformanceShaders.framework/Versions/A/MetalPerformanceShaders
0x000000000deb4000 	/System/Library/Frameworks/Accelerate.framework/Versions/A/Frameworks/vImage.framework/Versions/A/vImage
0x000000000deb4000 	/System/Library/Frameworks/Accelerate.framework/Versions/A/Frameworks/vecLib.framework/Versions/A/vecLib
0x000000000deb4000 	/System/Library/Frameworks/Accelerate.framework/Versions/A/Frameworks/vecLib.framework/Versions/A/libvMisc.dylib
0x000000000deb4000 	/System/Library/Frameworks/Accelerate.framework/Versions/A/Frameworks/vecLib.framework/Versions/A/libvDSP.dylib
0x000000000deb4000 	/System/Library/Frameworks/Accelerate.framework/Versions/A/Frameworks/vecLib.framework/Versions/A/libBLAS.dylib
0x000000000deb4000 	/System/Library/Frameworks/Accelerate.framework/Versions/A/Frameworks/vecLib.framework/Versions/A/libLAPACK.dylib
0x000000000deb4000 	/System/Library/Frameworks/Accelerate.framework/Versions/A/Frameworks/vecLib.framework/Versions/A/libLinearAlgebra.dylib
0x000000000deb4000 	/System/Library/Frameworks/Accelerate.framework/Versions/A/Frameworks/vecLib.framework/Versions/A/libSparseBLAS.dylib
0x000000000deb4000 	/System/Library/Frameworks/Accelerate.framework/Versions/A/Frameworks/vecLib.framework/Versions/A/libQuadrature.dylib
0x000000000deb4000 	/System/Library/Frameworks/Accelerate.framework/Versions/A/Frameworks/vecLib.framework/Versions/A/libBNNS.dylib
0x000000000deb4000 	/System/Library/Frameworks/Accelerate.framework/Versions/A/Frameworks/vecLib.framework/Versions/A/libSparse.dylib
0x000000000deb4000 	/System/Library/PrivateFrameworks/GPUWrangler.framework/Versions/A/GPUWrangler
0x000000000deb4000 	/System/Library/PrivateFrameworks/IOAccelerator.framework/Versions/A/IOAccelerator
0x000000000deb4000 	/System/Library/PrivateFrameworks/IOPresentment.framework/Versions/A/IOPresentment
0x000000000deb4000 	/System/Library/PrivateFrameworks/DSExternalDisplay.framework/Versions/A/DSExternalDisplay
0x000000000deb4000 	/System/Library/Frameworks/OpenGL.framework/Versions/A/Libraries/libCoreFSCache.dylib
0x000000000deb4000 	/System/Library/Frameworks/MetalPerformanceShaders.framework/Frameworks/MPSCore.framework/Versions/A/MPSCore
0x000000000deb4000 	/System/Library/Frameworks/MetalPerformanceShaders.framework/Frameworks/MPSImage.framework/Versions/A/MPSImage
0x000000000deb4000 	/System/Library/Frameworks/MetalPerformanceShaders.framework/Frameworks/MPSNeuralNetwork.framework/Versions/A/MPSNeuralNetwork
0x000000000deb4000 	/System/Library/Frameworks/MetalPerformanceShaders.framework/Frameworks/MPSMatrix.framework/Versions/A/MPSMatrix
0x000000000deb4000 	/System/Library/Frameworks/MetalPerformanceShaders.framework/Frameworks/MPSRayIntersector.framework/Versions/A/MPSRayIntersector
0x000000000deb4000 	/System/Library/PrivateFrameworks/MetalTools.framework/Versions/A/MetalTools
0x000000000deb4000 	/System/Library/PrivateFrameworks/AggregateDictionary.framework/Versions/A/AggregateDictionary
0x000000000deb4000 	/usr/lib/libMobileGestalt.dylib
0x000000000deb4000 	/System/Library/Frameworks/CoreVideo.framework/Versions/A/CoreVideo
0x000000000deb4000 	/System/Library/PrivateFrameworks/GraphVisualizer.framework/Versions/A/GraphVisualizer
0x000000000deb4000 	/System/Library/PrivateFrameworks/FaceCore.framework/Versions/A/FaceCore
0x000000000deb4000 	/System/Library/Frameworks/OpenCL.framework/Versions/A/OpenCL
0x000000000deb4000 	/usr/lib/libFosl_dynamic.dylib
0x000000000deb4000 	/System/Library/PrivateFrameworks/OTSVG.framework/Versions/A/OTSVG
0x000000000deb4000 	/System/Library/Frameworks/ApplicationServices.framework/Versions/A/Frameworks/ATS.framework/Versions/A/Resources/libFontParser.dylib
0x000000000deb4000 	/System/Library/Frameworks/ApplicationServices.framework/Versions/A/Frameworks/ATS.framework/Versions/A/Resources/libFontRegistry.dylib
0x000000000deb4000 	/System/Library/Frameworks/ImageIO.framework/Versions/A/Resources/libJPEG.dylib
0x000000000deb4000 	/System/Library/Frameworks/ImageIO.framework/Versions/A/Resources/libTIFF.dylib
0x000000000deb4000 	/System/Library/Frameworks/ImageIO.framework/Versions/A/Resources/libPng.dylib
0x000000000deb4000 	/System/Library/Frameworks/ImageIO.framework/Versions/A/Resources/libGIF.dylib
0x000000000deb4000 	/System/Library/Frameworks/ImageIO.framework/Versions/A/Resources/libJP2.dylib
0x000000000deb4000 	/System/Library/Frameworks/ImageIO.framework/Versions/A/Resources/libRadiance.dylib
0x000000000deb4000 	/System/Library/PrivateFrameworks/AppleJPEG.framework/Versions/A/AppleJPEG
0x000000000deb4000 	/System/Library/Frameworks/OpenGL.framework/Versions/A/Libraries/libGFXShared.dylib
0x000000000deb4000 	/System/Library/Frameworks/OpenGL.framework/Versions/A/Libraries/libGLU.dylib
0x000000000deb4000 	/System/Library/Frameworks/OpenGL.framework/Versions/A/Libraries/libGL.dylib
0x000000000deb4000 	/System/Library/Frameworks/OpenGL.framework/Versions/A/Libraries/libGLImage.dylib
0x000000000deb4000 	/System/Library/Frameworks/OpenGL.framework/Versions/A/Libraries/libCVMSPluginSupport.dylib
0x000000000deb4000 	/System/Library/Frameworks/OpenGL.framework/Versions/A/Libraries/libCoreVMClient.dylib
0x000000000deb4000 	/usr/lib/libcups.2.dylib
0x000000000deb4000 	/System/Library/Frameworks/Kerberos.framework/Versions/A/Kerberos
0x000000000deb4000 	/System/Library/Frameworks/GSS.framework/Versions/A/GSS
0x000000000deb4000 	/usr/lib/libresolv.9.dylib
0x000000000deb4000 	/usr/lib/libiconv.2.dylib
0x000000000deb4000 	/System/Library/PrivateFrameworks/Heimdal.framework/Versions/A/Heimdal
0x000000000deb4000 	/usr/lib/libheimdal-asn1.dylib
0x000000000deb4000 	/System/Library/Frameworks/OpenDirectory.framework/Versions/A/OpenDirectory
0x000000000deb4000 	/System/Library/PrivateFrameworks/CommonAuth.framework/Versions/A/CommonAuth
0x000000000deb4000 	/System/Library/Frameworks/OpenDirectory.framework/Versions/A/Frameworks/CFOpenDirectory.framework/Versions/A/CFOpenDirectory
0x000000000deb4000 	/System/Library/Frameworks/SecurityFoundation.framework/Versions/A/SecurityFoundation
0x000000000deb4000 	/System/Library/PrivateFrameworks/APFS.framework/Versions/A/APFS
0x000000000deb4000 	/usr/lib/libutil.dylib
0x000000000deb4000 	/usr/lib/libcharset.1.dylib
0x000000000deb4000 	/System/Library/PrivateFrameworks/AppleSauce.framework/Versions/A/AppleSauce
0x000000000deb4000 	/System/Library/PrivateFrameworks/AssertionServices.framework/Versions/A/AssertionServices
0x000000000deb4000 	/System/Library/PrivateFrameworks/BaseBoard.framework/Versions/A/BaseBoard
0x000000000deb4000 	/usr/lib/libmecab.1.0.0.dylib
0x000000000deb4000 	/usr/lib/libgermantok.dylib
0x000000000deb4000 	/usr/lib/libThaiTokenizer.dylib
0x000000000deb4000 	/usr/lib/libChineseTokenizer.dylib
0x000000000deb4000 	/System/Library/PrivateFrameworks/LanguageModeling.framework/Versions/A/LanguageModeling
0x000000000deb4000 	/System/Library/PrivateFrameworks/CoreEmoji.framework/Versions/A/CoreEmoji
0x000000000deb4000 	/System/Library/PrivateFrameworks/Lexicon.framework/Versions/A/Lexicon
0x000000000deb4000 	/System/Library/PrivateFrameworks/LinguisticData.framework/Versions/A/LinguisticData
0x000000000deb4000 	/usr/lib/libcmph.dylib
0x000000000deb4000 	/System/Library/Frameworks/ServiceManagement.framework/Versions/A/ServiceManagement
0x000000000deb4000 	/System/Library/PrivateFrameworks/BackgroundTaskManagement.framework/Versions/A/BackgroundTaskManagement
0x000000000deb4000 	/usr/lib/libxslt.1.dylib
0x000000000deb4000 	/System/Library/Frameworks/Carbon.framework/Versions/A/Frameworks/Ink.framework/Versions/A/Ink
0x000000000deb4000 	/System/Library/PrivateFrameworks/TextureIO.framework/Versions/A/TextureIO
0x000000000deb4000 	/usr/lib/libate.dylib
0x000000000deb4000 	/System/Library/PrivateFrameworks/CrashReporterSupport.framework/Versions/A/CrashReporterSupport
0x000000000deb4000 	/System/Library/PrivateFrameworks/Sharing.framework/Versions/A/Sharing
0x000000000deb4000 	/System/Library/PrivateFrameworks/AuthKit.framework/Versions/A/AuthKit
0x000000000deb4000 	/System/Library/PrivateFrameworks/Apple80211.framework/Versions/A/Apple80211
0x000000000deb4000 	/System/Library/PrivateFrameworks/CoreUtils.framework/Versions/A/CoreUtils
0x000000000deb4000 	/System/Library/Frameworks/CoreWLAN.framework/Versions/A/CoreWLAN
0x000000000deb4000 	/System/Library/Frameworks/IOBluetooth.framework/Versions/A/IOBluetooth
0x000000000deb4000 	/System/Library/PrivateFrameworks/ProtocolBuffer.framework/Versions/A/ProtocolBuffer
0x000000000deb4000 	/System/Library/PrivateFrameworks/MobileKeyBag.framework/Versions/A/MobileKeyBag
0x000000000deb4000 	/System/Library/PrivateFrameworks/CorePhoneNumbers.framework/Versions/A/CorePhoneNumbers
0x000000000deb4000 	/System/Library/PrivateFrameworks/AppleIDAuthSupport.framework/Versions/A/AppleIDAuthSupport
0x000000000deb4000 	/System/Library/PrivateFrameworks/KeychainCircle.framework/Versions/A/KeychainCircle
0x000000000deb4000 	/System/Library/PrivateFrameworks/ROCKit.framework/Versions/A/ROCKit
0x000000000deb4000 	/System/Library/PrivateFrameworks/CoreWiFi.framework/Versions/A/CoreWiFi
0x000000000deb4000 	/System/Library/Frameworks/CoreBluetooth.framework/Versions/A/CoreBluetooth
0x000000000deb4000 	/System/Library/PrivateFrameworks/DebugSymbols.framework/Versions/A/DebugSymbols
0x000000000deb4000 	/System/Library/PrivateFrameworks/CoreSymbolication.framework/Versions/A/CoreSymbolication
0x000000000deb4000 	/System/Library/PrivateFrameworks/Symbolication.framework/Versions/A/Symbolication
0x000000000deb4000 	/System/Library/PrivateFrameworks/SpeechRecognitionCore.framework/Versions/A/SpeechRecognitionCore
0x000000010ae00000 	/Library/Java/JavaVirtualMachines/jdk1.8.0_31.jdk/Contents/Home/jre/lib/server/libjvm.dylib
0x000000000deb4000 	/usr/lib/libstdc++.6.dylib
0x0000000109c61000 	/Library/Java/JavaVirtualMachines/jdk1.8.0_31.jdk/Contents/Home/jre/lib/libverify.dylib
0x0000000109c6f000 	/Library/Java/JavaVirtualMachines/jdk1.8.0_31.jdk/Contents/Home/jre/lib/libjava.dylib
0x0000000109ca4000 	/Library/Java/JavaVirtualMachines/jdk1.8.0_31.jdk/Contents/Home/jre/lib/libinstrument.dylib
0x0000000109d42000 	/Library/Java/JavaVirtualMachines/jdk1.8.0_31.jdk/Contents/Home/jre/lib/libzip.dylib
0x000000000deb4000 	/System/Library/Frameworks/JavaVM.framework/Versions/A/Frameworks/JavaRuntimeSupport.framework/Versions/A/JavaRuntimeSupport
0x000000000deb4000 	/System/Library/Frameworks/JavaVM.framework/Versions/A/Frameworks/JavaNativeFoundation.framework/Versions/A/JavaNativeFoundation
0x000000000deb4000 	/System/Library/Frameworks/JavaVM.framework/Versions/A/JavaVM
0x000000000deb4000 	/System/Library/Frameworks/Carbon.framework/Versions/A/Carbon
0x000000000deb4000 	/System/Library/PrivateFrameworks/JavaLaunching.framework/Versions/A/JavaLaunching
0x000000000deb4000 	/System/Library/Frameworks/Carbon.framework/Versions/A/Frameworks/CommonPanels.framework/Versions/A/CommonPanels
0x000000000deb4000 	/System/Library/Frameworks/Carbon.framework/Versions/A/Frameworks/Help.framework/Versions/A/Help
0x000000000deb4000 	/System/Library/Frameworks/Carbon.framework/Versions/A/Frameworks/ImageCapture.framework/Versions/A/ImageCapture
0x000000000deb4000 	/System/Library/Frameworks/Carbon.framework/Versions/A/Frameworks/OpenScripting.framework/Versions/A/OpenScripting
0x000000000deb4000 	/System/Library/Frameworks/Carbon.framework/Versions/A/Frameworks/Print.framework/Versions/A/Print
0x000000000deb4000 	/System/Library/Frameworks/Carbon.framework/Versions/A/Frameworks/SecurityHI.framework/Versions/A/SecurityHI
0x00000001117ff000 	/Library/Java/JavaVirtualMachines/jdk1.8.0_31.jdk/Contents/Home/jre/lib/libnet.dylib
0x00000001118ea000 	/Library/Java/JavaVirtualMachines/jdk1.8.0_31.jdk/Contents/Home/jre/lib/libprism_es2.dylib
0x000000000deb4000 	/System/Library/PrivateFrameworks/CoreServicesInternal.framework/Versions/A/CoreServicesInternal
0x000000000deb4000 	/System/Library/Frameworks/OpenGL.framework/Versions/A/Resources/GLEngine.bundle/GLEngine
0x000000000deb4000 	/System/Library/Frameworks/OpenGL.framework/Versions/A/Libraries/libGLProgrammability.dylib
0x000000000deb4000 	/System/Library/Extensions/AppleIntelHD4000GraphicsGLDriver.bundle/Contents/MacOS/AppleIntelHD4000GraphicsGLDriver
0x000000000deb4000 	/System/Library/PrivateFrameworks/GPUSupport.framework/Versions/A/Libraries/libGPUSupportMercury.dylib
0x000000000deb4000 	/System/Library/Extensions/GeForceGLDriver.bundle/Contents/MacOS/GeForceGLDriver
0x000000000deb4000 	/System/Library/Extensions/GeForceGLDriver.bundle/Contents/MacOS/libclh.dylib
0x000000000deb4000 	/System/Library/Frameworks/OpenGL.framework/Versions/A/Resources/GLRendererFloat.bundle/GLRendererFloat
0x000000000deb4000 	/System/Library/Frameworks/OpenCL.framework/Versions/A/Libraries/libcldcpuengine.dylib
0x000000000deb4000 	/usr/lib/libcrypto.35.dylib
0x000000000deb4000 	/System/Library/PrivateFrameworks/TrustEvaluationAgent.framework/Versions/A/TrustEvaluationAgent
0x000000011258b000 	/Library/Java/JavaVirtualMachines/jdk1.8.0_31.jdk/Contents/Home/jre/lib/libglass.dylib
0x000000000deb4000 	/System/Library/CoreServices/RawCamera.bundle/Contents/MacOS/RawCamera
0x000000000deb4000 	/System/Library/PrivateFrameworks/MobileAsset.framework/Versions/A/MobileAsset
0x000000000deb4000 	/System/Library/PrivateFrameworks/StreamingZip.framework/Versions/A/StreamingZip
0x000000000deb4000 	/System/Library/Frameworks/MediaToolbox.framework/Versions/A/MediaToolbox
0x000000000deb4000 	/System/Library/PrivateFrameworks/CoreAVCHD.framework/Versions/A/CoreAVCHD
0x000000000deb4000 	/System/Library/Frameworks/MediaAccessibility.framework/Versions/A/MediaAccessibility
0x000000000deb4000 	/System/Library/PrivateFrameworks/Mangrove.framework/Versions/A/Mangrove
0x000000000deb4000 	/System/Library/Frameworks/CoreMedia.framework/Versions/A/CoreMedia
0x000000000deb4000 	/System/Library/Frameworks/VideoToolbox.framework/Versions/A/VideoToolbox
0x000000000deb4000 	/System/Library/PrivateFrameworks/CoreAUC.framework/Versions/A/CoreAUC
0x000000000deb4000 	/usr/lib/libspindump.dylib
0x000000000deb4000 	/System/Library/PrivateFrameworks/AppleVA.framework/Versions/A/AppleVA
0x000000000deb4000 	/System/Library/Frameworks/Accelerate.framework/Versions/A/Frameworks/vImage.framework/Versions/A/Libraries/libCGInterfaces.dylib
0x000000000deb4000 	/System/Library/PrivateFrameworks/FamilyControls.framework/Versions/A/FamilyControls
0x000000000deb4000 	/System/Library/PrivateFrameworks/CommerceKit.framework/Versions/A/Frameworks/CommerceCore.framework/Versions/A/CommerceCore
0x000000000deb4000 	/System/Library/PrivateFrameworks/SystemAdministration.framework/Versions/A/SystemAdministration
0x000000000deb4000 	/System/Library/PrivateFrameworks/AppContainer.framework/Versions/A/AppContainer
0x000000000deb4000 	/System/Library/PrivateFrameworks/AppSandbox.framework/Versions/A/AppSandbox
0x000000000deb4000 	/System/Library/PrivateFrameworks/SecCodeWrapper.framework/Versions/A/SecCodeWrapper
0x000000000deb4000 	/usr/lib/libsandbox.1.dylib
0x000000000deb4000 	/usr/lib/libMatch.1.dylib
0x000000000deb4000 	/System/Library/PrivateFrameworks/DiskManagement.framework/Versions/A/DiskManagement
0x000000000deb4000 	/System/Library/Frameworks/DirectoryService.framework/Versions/A/DirectoryService
0x000000000deb4000 	/System/Library/PrivateFrameworks/DiskImages.framework/Versions/A/DiskImages
0x000000000deb4000 	/System/Library/PrivateFrameworks/LoginUIKit.framework/Versions/A/Frameworks/LoginUICore.framework/Versions/A/LoginUICore
0x000000000deb4000 	/usr/lib/libCoreStorage.dylib
0x000000000deb4000 	/usr/lib/libcsfde.dylib
0x000000000deb4000 	/usr/lib/libodfde.dylib
0x000000000deb4000 	/System/Library/PrivateFrameworks/MediaKit.framework/Versions/A/MediaKit
0x000000000deb4000 	/System/Library/Frameworks/DiscRecording.framework/Versions/A/DiscRecording
0x000000000deb4000 	/System/Library/PrivateFrameworks/EFILogin.framework/Versions/A/EFILogin
0x000000000deb4000 	/System/Library/PrivateFrameworks/ProtectedCloudStorage.framework/Versions/A/ProtectedCloudStorage
0x000000000deb4000 	/usr/lib/libcurl.4.dylib
0x000000000deb4000 	/usr/lib/libcrypto.42.dylib
0x000000000deb4000 	/usr/lib/libssl.44.dylib
0x000000000deb4000 	/System/Library/Frameworks/LDAP.framework/Versions/A/LDAP
0x000000000deb4000 	/usr/lib/libsasl2.2.dylib
0x000000000deb4000 	/System/Library/PrivateFrameworks/CoreDaemon.framework/Versions/B/CoreDaemon
0x000000000deb4000 	/System/Library/PrivateFrameworks/AppleSRP.framework/Versions/A/AppleSRP
0x000000000deb4000 	/System/Library/PrivateFrameworks/ViewBridge.framework/Versions/A/ViewBridge
0x000000000deb4000 	/System/Library/Frameworks/ApplicationServices.framework/Versions/A/Frameworks/ATS.framework/Versions/A/Resources/libTrueTypeScaler.dylib
0x000000000deb4000 	/System/Library/Extensions/AppleIntelHD4000GraphicsMTLDriver.bundle/Contents/MacOS/AppleIntelHD4000GraphicsMTLDriver
0x000000000deb4000 	/System/Library/Extensions/GeForceMTLDriver.bundle/Contents/MacOS/GeForceMTLDriver
0x000000000deb4000 	/System/Library/PrivateFrameworks/GPUCompiler.framework/Versions/3902/Libraries/libmetal_timestamp.dylib

VM Arguments:
jvm_args: -javaagent:/Applications/IntelliJ IDEA 2.app/Contents/lib/idea_rt.jar=51125:/Applications/IntelliJ IDEA 2.app/Contents/bin -Dfile.encoding=UTF-8 
java_command: Main
java_class_path (initial): /Library/Java/JavaVirtualMachines/jdk1.8.0_31.jdk/Contents/Home/jre/lib/charsets.jar:/Library/Java/JavaVirtualMachines/jdk1.8.0_31.jdk/Contents/Home/jre/lib/deploy.jar:/Library/Java/JavaVirtualMachines/jdk1.8.0_31.jdk/Contents/Home/jre/lib/ext/cldrdata.jar:/Library/Java/JavaVirtualMachines/jdk1.8.0_31.jdk/Contents/Home/jre/lib/ext/dnsns.jar:/Library/Java/JavaVirtualMachines/jdk1.8.0_31.jdk/Contents/Home/jre/lib/ext/jfxrt.jar:/Library/Java/JavaVirtualMachines/jdk1.8.0_31.jdk/Contents/Home/jre/lib/ext/localedata.jar:/Library/Java/JavaVirtualMachines/jdk1.8.0_31.jdk/Contents/Home/jre/lib/ext/nashorn.jar:/Library/Java/JavaVirtualMachines/jdk1.8.0_31.jdk/Contents/Home/jre/lib/ext/sunec.jar:/Library/Java/JavaVirtualMachines/jdk1.8.0_31.jdk/Contents/Home/jre/lib/ext/sunjce_provider.jar:/Library/Java/JavaVirtualMachines/jdk1.8.0_31.jdk/Contents/Home/jre/lib/ext/sunpkcs11.jar:/Library/Java/JavaVirtualMachines/jdk1.8.0_31.jdk/Contents/Home/jre/lib/ext/zipfs.jar:/Library/Java/JavaVirtualMachines/jdk1.8.0_31.jdk/Contents/Home/jre/lib/javaws.jar:/Library/Java/JavaVirtualMachines/jdk1.8.0_31.jdk/Contents/Home/jre/lib/jce.jar:/Library/Java/JavaVirtualMachines/jdk1.8.0_31.jdk/Contents/Home/jre/lib/jfr.jar:/Library/Java/JavaVirtualMachines/jdk1.8.0_31.jdk/Contents/Home/jre/lib/jfxswt.jar:/Library/Java/JavaVirtualMachines/jdk1.8.0_31.jdk/Contents/Home/jre/lib/jsse.jar:/Library/Java/JavaVirtualMachines/jdk1.8.0_31.jdk/Contents/Home/jre/lib/management-agent.jar:/Library/Java/JavaVirtualMachines/jdk1.8.0_31.jdk/Contents/Home/jre/lib/plugin.jar:/Library/Java/JavaVirtualMachines/jdk1.8.0_31.jdk/Contents/Home/jre/lib/resources.jar:/Library/Java/JavaVirtualMachines/jdk1.8.0_31.jdk/Contents/Home/jre/lib/rt.jar:/Library/Java/JavaVirtualMachines/jdk1.8.0_31.jdk/Contents/Home/lib/ant-javafx.jar:/Library/Java/JavaVirtualMachines/jdk1.8.0_31.jdk/Contents/Home/lib/dt.jar:/Library/Java/JavaVirtualMachines/jdk1.8.0_31.jdk/Contents/Home/lib/javafx-mx.jar:/Library/Java/Jav
Launcher Type: SUN_STANDARD

Environment Variables:
JAVA_HOME=/Library/Java/JavaVirtualMachines/jdk-11.0.1.jdk/Contents/Home
PATH=/Users/bwarner/anaconda3/bin:/Users/bwarner/.cargo/bin:/Users/bwarner/anaconda3/bin:/Library/Frameworks/Python.framework/Versions/2.7/bin:/opt/local/bin:/opt/local/sbin:/Users/bwarner/.rvm/gems/ruby-2.3.0/bin:/Users/bwarner/.rvm/gems/ruby-2.3.0@global/bin:/Users/bwarner/.rvm/rubies/ruby-2.3.0/bin:/Users/bwarner/.cargo/bin:/Users/bwarner/.sdkman/candidates/grails/current/bin:/Users/bwarner/.gvm/vertx/current/bin:/Users/bwarner/.gvm/springboot/current/bin:/Users/bwarner/.gvm/lazybones/current/bin:/Users/bwarner/.gvm/jbake/current/bin:/Users/bwarner/.gvm/groovyserv/current/bin:/Users/bwarner/.gvm/groovy/current/bin:/Users/bwarner/.gvm/griffon/current/bin:/Users/bwarner/.gvm/grails/current/bin:/Users/bwarner/.gvm/gradle/current/bin:/Users/bwarner/.gvm/glide/current/bin:/Users/bwarner/.gvm/gaiden/current/bin:/Users/bwarner/.gvm/crash/current/bin:/Users/bwarner/.gvm/asciidoctorj/current/bin:/usr/bin:/bin:/usr/sbin:/sbin:/usr/local/bin:/Users/bwarner/sipp:/Users/bwarner/webdriver:$HOME/.cargo/bin:/Library/TeX/texbin:/usr/local/go/bin:/opt/Ghostscript/bin:/usr/local/MacGPG2/bin:/opt/X11/bin:/Library/Frameworks/Mono.framework/Versions/Current/Commands:/opt/ImageMagick/bin:/Applications/Xamarin Workbooks.app/Contents/SharedSupport/path-bin:/Users/bwarner/android-dev/platform-tools/:/Users/bwarner/.rvm/bin:/usr/local/go/bin:/Users/bwarner/go/bin
SHELL=/bin/bash
DISPLAY=/private/tmp/com.apple.launchd.rEcJ9GMVtV/org.macosforge.xquartz:0

Signal Handlers:
SIGSEGV: [libjvm.dylib+0x57a0e7], sa_mask[0]=11111111011111110111111111111111, sa_flags=SA_ONSTACK|SA_RESTART|SA_SIGINFO
SIGBUS: [libjvm.dylib+0x57a0e7], sa_mask[0]=11111111011111110111111111111111, sa_flags=SA_RESTART|SA_SIGINFO
SIGFPE: [libjvm.dylib+0x45af24], sa_mask[0]=11111111011111110111111111111111, sa_flags=SA_RESTART|SA_SIGINFO
SIGPIPE: [libjvm.dylib+0x45af24], sa_mask[0]=11111111011111110111111111111111, sa_flags=SA_RESTART|SA_SIGINFO
SIGXFSZ: [libjvm.dylib+0x45af24], sa_mask[0]=11111111011111110111111111111111, sa_flags=SA_RESTART|SA_SIGINFO
SIGILL: [libjvm.dylib+0x45af24], sa_mask[0]=11111111011111110111111111111111, sa_flags=SA_RESTART|SA_SIGINFO
SIGUSR1: SIG_DFL, sa_mask[0]=00000000000000000000000000000000, sa_flags=none
SIGUSR2: [libjvm.dylib+0x45aa42], sa_mask[0]=00100000000000000000000000000000, sa_flags=SA_RESTART|SA_SIGINFO
SIGHUP: [libjvm.dylib+0x459015], sa_mask[0]=11111111011111110111111111111111, sa_flags=SA_RESTART|SA_SIGINFO
SIGINT: [libjvm.dylib+0x459015], sa_mask[0]=11111111011111110111111111111111, sa_flags=SA_RESTART|SA_SIGINFO
SIGTERM: [libjvm.dylib+0x459015], sa_mask[0]=11111111011111110111111111111111, sa_flags=SA_RESTART|SA_SIGINFO
SIGQUIT: [libjvm.dylib+0x459015], sa_mask[0]=11111111011111110111111111111111, sa_flags=SA_RESTART|SA_SIGINFO


---------------  S Y S T E M  ---------------

OS:Bsduname:Darwin 18.2.0 Darwin Kernel Version 18.2.0: Mon Nov 12 20:24:46 PST 2018; root:xnu-4903.231.4~2/RELEASE_X86_64 x86_64
rlimit: STACK 8192k, CORE 0k, NPROC 1418, NOFILE 10240, AS infinity
load average:2.34 2.26 2.15

CPU:total 8 (4 cores per cpu, 2 threads per core) family 6 model 58 stepping 9, cmov, cx8, fxsr, mmx, sse, sse2, sse3, ssse3, sse4.1, sse4.2, popcnt, avx, aes, clmul, erms, ht, tsc, tscinvbit, tscinv

Memory: 4k page, physical 16777216k(1698852k free)

/proc/meminfo:


vm_info: Java HotSpot(TM) 64-Bit Server VM (25.31-b07) for bsd-amd64 JRE (1.8.0_31-b13), built on Dec 17 2014 20:45:36 by "java_re" with gcc 4.2.1 (Based on Apple Inc. build 5658) (LLVM build 2336.11.00)

time: Mon Jan 14 12:38:29 2019
elapsed time: 0 seconds (0d 0h 0m 0s)

